============================= test session starts ==============================
platform linux -- Python 3.12.3, pytest-9.1.1, pluggy-1.6.0 -- /usr/bin/python3
cachedir: .pytest_cache
rootdir: /home/claude/work/repo
collecting ... collected 27 items

tests/test_excepciones_notificaciones.py::test_duplicate_assignment_error_es_domain_error PASSED [  3%]
tests/test_excepciones_notificaciones.py::test_assign_rechaza_reasignacion_al_mismo_tecnico PASSED [  7%]
tests/test_excepciones_notificaciones.py::test_reasignacion_rechazada_no_tiene_efectos_secundarios PASSED [ 11%]
tests/test_excepciones_notificaciones.py::test_assign_valido_notifica_con_el_payload_correcto PASSED [ 14%]
tests/test_excepciones_notificaciones.py::test_assign_sin_notifier_no_falla PASSED [ 18%]
tests/test_sql_integridad_referencial.py::test_a_tickets_abiertos_con_nombre_solicitante PASSED [ 22%]
tests/test_sql_integridad_referencial.py::test_b_conteo_por_tecnico_excluye_cero_y_ordena_desc PASSED [ 25%]
tests/test_sql_integridad_referencial.py::test_c_tickets_sin_comentarios_via_not_exists PASSED [ 29%]
tests/test_sql_integridad_referencial.py::test_d_on_delete_cascade_se_revierte_con_rollback PASSED [ 33%]
tests/test_sqlalchemy_repository.py::test_count_by_status_con_tres_tickets_en_dos_estados PASSED [ 37%]
tests/test_sqlalchemy_repository.py::test_count_by_status_devuelve_diccionario_vacio_sin_tickets PASSED [ 40%]
tests/test_sqlalchemy_repository.py::test_count_by_status_solo_incluye_estados_presentes PASSED [ 44%]
tests/test_tags.py::test_add_tag_normaliza_y_evita_duplicados PASSED     [ 48%]
tests/test_tags.py::test_add_tag_rechaza_valores_vacios PASSED           [ 51%]
tests/test_tags.py::test_tags_son_independientes_entre_tickets PASSED    [ 55%]
tests/test_tags.py::test_tags_no_permite_reasignacion_publica PASSED     [ 59%]
tests/test_tags.py::test_tags_devuelve_tupla_no_lista PASSED             [ 62%]
tests/test_watchers.py::test_watchers_solo_solicitante_sin_tecnico PASSED [ 66%]
tests/test_watchers.py::test_watchers_solicitante_y_tecnico_distintos PASSED [ 70%]
tests/test_watchers.py::test_watchers_propaga_error_de_ticket_inexistente PASSED [ 74%]
tests/test_watchers.py::test_watchers_deduplica_cuando_solicitante_es_tambien_tecnico PASSED [ 77%]
tests/test_week09_queries.py::test_list_by_technician_returns_only_assigned_tickets PASSED [ 81%]
tests/test_week09_queries.py::test_list_by_technician_returns_empty_when_no_match PASSED [ 85%]
tests/test_week09_queries.py::test_list_by_category_returns_only_matching_category PASSED [ 88%]
tests/test_week09_queries.py::test_list_by_category_is_case_insensitive PASSED [ 92%]
tests/test_week09_queries.py::test_list_by_status_returns_only_matching_status PASSED [ 96%]
tests/test_week09_queries.py::test_list_by_status_reflects_updates PASSED [100%]

============================== 27 passed in 0.22s ==============================
