============================= test session starts ==============================
platform linux -- Python 3.12.3, pytest-9.1.1, pluggy-1.6.0 -- /usr/bin/python3
cachedir: .pytest_cache
rootdir: /home/claude/work/repo
collecting ... collected 23 items

tests/test_excepciones_notificaciones.py::test_duplicate_assignment_error_es_domain_error PASSED [  4%]
tests/test_excepciones_notificaciones.py::test_assign_rechaza_reasignacion_al_mismo_tecnico PASSED [  8%]
tests/test_excepciones_notificaciones.py::test_reasignacion_rechazada_no_tiene_efectos_secundarios PASSED [ 13%]
tests/test_excepciones_notificaciones.py::test_assign_valido_notifica_con_el_payload_correcto PASSED [ 17%]
tests/test_excepciones_notificaciones.py::test_assign_sin_notifier_no_falla PASSED [ 21%]
tests/test_sqlalchemy_repository.py::test_count_by_status_con_tres_tickets_en_dos_estados PASSED [ 26%]
tests/test_sqlalchemy_repository.py::test_count_by_status_devuelve_diccionario_vacio_sin_tickets PASSED [ 30%]
tests/test_sqlalchemy_repository.py::test_count_by_status_solo_incluye_estados_presentes PASSED [ 34%]
tests/test_tags.py::test_add_tag_normaliza_y_evita_duplicados PASSED     [ 39%]
tests/test_tags.py::test_add_tag_rechaza_valores_vacios PASSED           [ 43%]
tests/test_tags.py::test_tags_son_independientes_entre_tickets PASSED    [ 47%]
tests/test_tags.py::test_tags_no_permite_reasignacion_publica PASSED     [ 52%]
tests/test_tags.py::test_tags_devuelve_tupla_no_lista PASSED             [ 56%]
tests/test_watchers.py::test_watchers_solo_solicitante_sin_tecnico PASSED [ 60%]
tests/test_watchers.py::test_watchers_solicitante_y_tecnico_distintos PASSED [ 65%]
tests/test_watchers.py::test_watchers_propaga_error_de_ticket_inexistente PASSED [ 69%]
tests/test_watchers.py::test_watchers_deduplica_cuando_solicitante_es_tambien_tecnico PASSED [ 73%]
tests/test_week09_queries.py::test_list_by_technician_returns_only_assigned_tickets PASSED [ 78%]
tests/test_week09_queries.py::test_list_by_technician_returns_empty_when_no_match PASSED [ 82%]
tests/test_week09_queries.py::test_list_by_category_returns_only_matching_category PASSED [ 86%]
tests/test_week09_queries.py::test_list_by_category_is_case_insensitive PASSED [ 91%]
tests/test_week09_queries.py::test_list_by_status_returns_only_matching_status PASSED [ 95%]
tests/test_week09_queries.py::test_list_by_status_reflects_updates PASSED [100%]

============================== 23 passed in 0.23s ==============================
